<?xml version="1.0" encoding="UTF-8" ?>
<testsuite failures="0" time="0.009" errors="0" skipped="0" tests="4" name="my.lib.net.mime.ofm.injectors.FormDataFieldInjectorTest">
  <properties>
[...]
</properties>
  <testcase time="0.005" classname="my.lib.net.mime.ofm.injectors.FormDataFieldInjectorTest" name="testInject01"/>
  <testcase time="0" classname="my.lib.net.mime.ofm.injectors.FormDataFieldInjectorTest" name="testInject02"/>
  <testcase time="0.001" classname="my.lib.net.mime.ofm.injectors.FormDataFieldInjectorTest" name="testInject03"/>
  <testcase time="0" classname="my.lib.net.mime.ofm.injectors.FormDataFieldInjectorTest" name="testInject04"/>
</testsuite>